2024-06-24 18:08:06,499 p=3444395 u=upszot n=ansible | [WARNING]: A duplicate localhost-like entry was found (localhost). First found localhost was 127.0.0.1

2024-06-24 18:08:06,598 p=3444395 u=upszot n=ansible | PLAY [all] **********************************************************************************************************************************************************************************************************************************
2024-06-24 18:08:06,609 p=3444395 u=upszot n=ansible | TASK [Gathering Facts] **********************************************************************************************************************************************************************************************************************
2024-06-24 18:08:07,746 p=3444395 u=upszot n=ansible | ok: [localhost]
2024-06-24 18:08:07,775 p=3444395 u=upszot n=ansible | TASK [include_role : 2do_parcial] ***********************************************************************************************************************************************************************************************************
2024-06-24 18:08:07,805 p=3444395 u=upszot n=ansible | TASK [2do_parcial : debug] ******************************************************************************************************************************************************************************************************************
2024-06-24 18:08:07,817 p=3444395 u=upszot n=ansible | ok: [localhost] => {
    "msg": "Tareas del 2do Parcial"
}
2024-06-24 18:08:07,836 p=3444395 u=upszot n=ansible | TASK [Otra tarea] ***************************************************************************************************************************************************************************************************************************
2024-06-24 18:08:07,851 p=3444395 u=upszot n=ansible | ok: [localhost] => {
    "msg": "Despues de la ejecucion del rol"
}
2024-06-24 18:08:07,885 p=3444395 u=upszot n=ansible | PLAY RECAP **********************************************************************************************************************************************************************************************************************************
2024-06-24 18:08:07,885 p=3444395 u=upszot n=ansible | localhost                  : ok=3    changed=0    unreachable=0    failed=0    skipped=0    rescued=0    ignored=0   
2024-11-17 15:51:36,740 p=17349 u=Rama n=ansible | [WARNING]: No inventory was parsed, only implicit localhost is available

2024-11-17 15:51:36,747 p=17349 u=Rama n=ansible | [WARNING]: provided hosts list is empty, only localhost is available. Note that the implicit localhost does not match 'all'

2024-11-17 15:51:36,958 p=17349 u=Rama n=ansible | PLAY [localhost] *********************************************************************************************************************************************
2024-11-17 15:51:36,971 p=17349 u=Rama n=ansible | TASK [Gathering Facts] ***************************************************************************************************************************************
2024-11-17 15:51:38,046 p=17349 u=Rama n=ansible | ok: [localhost]
2024-11-17 15:51:38,057 p=17349 u=Rama n=ansible | TASK [rol_directorios : Crear directorio base] ***************************************************************************************************************
2024-11-17 15:51:38,316 p=17349 u=Rama n=ansible | changed: [localhost]
2024-11-17 15:51:38,322 p=17349 u=Rama n=ansible | TASK [rol_directorios : Crear directorio alumno] *************************************************************************************************************
2024-11-17 15:51:38,497 p=17349 u=Rama n=ansible | changed: [localhost]
2024-11-17 15:51:38,502 p=17349 u=Rama n=ansible | TASK [rol_directorios : Crear directorio equipo] *************************************************************************************************************
2024-11-17 15:51:38,677 p=17349 u=Rama n=ansible | changed: [localhost]
2024-11-17 15:51:38,683 p=17349 u=Rama n=ansible | TASK [rol_directorios : Generar archivo datos_alumno.txt] ****************************************************************************************************
2024-11-17 15:51:39,160 p=17349 u=Rama n=ansible | changed: [localhost]
2024-11-17 15:51:39,166 p=17349 u=Rama n=ansible | TASK [rol_directorios : Generar archivo datos_equipo.txt] ****************************************************************************************************
2024-11-17 15:51:39,491 p=17349 u=Rama n=ansible | changed: [localhost]
2024-11-17 15:51:39,495 p=17349 u=Rama n=ansible | TASK [rol_directorios : Configurar sudoers para 2PSupervisores] **********************************************************************************************
2024-11-17 15:51:39,728 p=17349 u=Rama n=ansible | changed: [localhost]
2024-11-17 15:51:39,738 p=17349 u=Rama n=ansible | PLAY RECAP ***************************************************************************************************************************************************
2024-11-17 15:51:39,739 p=17349 u=Rama n=ansible | localhost                  : ok=7    changed=6    unreachable=0    failed=0    skipped=0    rescued=0    ignored=0   
